#
# A fatal error has been detected by the Java Runtime Environment:
#
#  SIGSEGV (0xb) at pc=0x00007f4b1a3be7a8, pid=18519, tid=139960376534784
#
# JRE version: Java(TM) SE Runtime Environment (7.0_71-b14) (build 1.7.0_71-b14)
# Java VM: Java HotSpot(TM) 64-Bit Server VM (24.71-b01 mixed mode linux-amd64 compressed oops)
# Problematic frame:
# C  [libc.so.6+0x14a7a8]  __nss_hosts_lookup+0x13528
#
# Failed to write core dump. Core dumps have been disabled. To enable core dumping, try "ulimit -c unlimited" before starting Java again
#
# If you would like to submit a bug report, please visit:
#   http://bugreport.sun.com/bugreport/crash.jsp
#

---------------  T H R E A D  ---------------

Current thread (0x00007f4b14021800):  GCTaskThread [stack: 0x00007f4b1076a000,0x00007f4b1086b000] [id=18523]

siginfo:si_signo=SIGSEGV: si_errno=0, si_code=1 (SEGV_MAPERR), si_addr=0x0000000800000000

Registers:
RAX=0x0000000785123110, RBX=0x0000000785123110, RCX=0x00000000000c0000, RDX=0x0000000018fdc510
RSP=0x00007f4b10869898, RBP=0x00007f4b10869910, RSI=0x00000007ffffffe8, RDI=0x00000007ac146bb0
R8 =0x0000000785123110, R9 =0x0000000053eb9438, R10=0x00000007c5123140, R11=0x00007f4b1a3fae70
R12=0x00000007d8fdc548, R13=0x0000000000000009, R14=0x0000000000000001, R15=0x0000000008000006
RIP=0x00007f4b1a3be7a8, EFLAGS=0x0000000000010202, CSGSFS=0x0000000000000033, ERR=0x0000000000000004
  TRAPNO=0x000000000000000e

Top of Stack: (sp=0x00007f4b10869898)
0x00007f4b10869898:   00007f4b19c84a2f 00007f4b10869920
0x00007f4b108698a8:   00007f4b1a23c2f8 0000000040000030
0x00007f4b108698b8:   00007f4b140632c0 00000007db4f8849
0x00007f4b108698c8:   00007f4b19bfa6ff 00000007db530000
0x00007f4b108698d8:   0000000000001000 000000077fc3ae40
0x00007f4b108698e8:   00000007db530824 00007f4b140632c0
0x00007f4b108698f8:   00007f4b1a220b20 0000000000000000
0x00007f4b10869908:   00007f4b14063330 00007f4b10869a00
0x00007f4b10869918:   00007f4b19c84130 00000007d8e603c8
0x00007f4b10869928:   00007f4b10869990 00007f4b108699a0
0x00007f4b10869938:   00007f4b10869960 00007f4b10869970
0x00007f4b10869948:   00007f4b108699c0 000000078508fdf9
0x00007f4b10869958:   00007f4b14063360 000000077fe626a8
0x00007f4b10869968:   00007f4b140632c0 00007f4b108699c0
0x00007f4b10869978:   00007f4b199b0cf8 000000078508fdd9
0x00007f4b10869988:   00007f4b14063328 0000000000000000
0x00007f4b10869998:   00007f4b1a25e720 0000000000000000
0x00007f4b108699a8:   0000000000000001 00007f4b14021f20
0x00007f4b108699b8:   00007f4b19e123a8 00000007db530825
0x00007f4b108699c8:   00007f4b19c877cd 00007f4b1401f4b0
0x00007f4b108699d8:   00007f4b14023dd0 00007f4b140632c0
0x00007f4b108699e8:   0000000000000001 00007f4b14021f20
0x00007f4b108699f8:   00007f4b19e123a8 00007f4b10869ab0
0x00007f4b10869a08:   00007f4b19c87d22 0000000785121110
0x00007f4b10869a18:   0000000000000100 0000000785123110
0x00007f4b10869a28:   00007f4b10c27476 00007f4b1401f490
0x00007f4b10869a38:   00007f4b14021800 00007f4b1a1fdab0
0x00007f4b10869a48:   0000000000000000 0000000000000000
0x00007f4b10869a58:   00007f4b140632c0 00007f4b1a1fd8d0
0x00007f4b10869a68:   00007f4b1401f400 0000000000000000
0x00007f4b10869a78:   00007f4b140632c0 00007f4b10869ab0
0x00007f4b10869a88:   00007f4b14023dd0 00007f4b14021800 

Instructions: (pc=0x00007f4b1a3be7a8)
0x00007f4b1a3be788:   70 ff ff ff 49 89 f1 49 29 f9 49 39 d1 73 0d 48
0x00007f4b1a3be798:   c1 e1 02 48 39 ca 0f 82 cc 00 00 00 f3 0f 6f 06
0x00007f4b1a3be7a8:   f3 0f 6f 4e 10 f3 0f 6f 56 20 f3 0f 6f 5e 30 f3
0x00007f4b1a3be7b8:   0f 6f 66 40 f3 0f 6f 6e 50 f3 0f 6f 76 60 f3 0f 

Register to memory mapping:

RAX=0x0000000785123110 is an oop
[C 
 - klass: {type array char}
 - length: 536870928
RBX=0x0000000785123110 is an oop
[C 
 - klass: {type array char}
 - length: 536870928
RCX=0x00000000000c0000 is an unknown value
RDX=0x0000000018fdc510 is an unknown value
RSP=0x00007f4b10869898 is an unknown value
RBP=0x00007f4b10869910 is an unknown value
RSI=0x00000007ffffffe8 is an unallocated location in the heap
RDI=0x00000007ac146bb0 is pointing into object: 0x0000000785123110
[C 
 - klass: {type array char}
 - length: 536870928
R8 =0x0000000785123110 is an oop
[C 
 - klass: {type array char}
 - length: 536870928
R9 =0x0000000053eb9438 is an unknown value
R10=0x00000007c5123140 is an oop
java.util.HashMap 
 - klass: 'java/util/HashMap'
R11=0x00007f4b1a3fae70: <offset 0x186e70> in /lib/x86_64-linux-gnu/libc.so.6 at 0x00007f4b1a274000
R12=0x00000007d8fdc548 is an oop
[C 
 - klass: {type array char}
 - length: 536870928
R13=0x0000000000000009 is an unknown value
R14=0x0000000000000001 is an unknown value
R15=0x0000000008000006 is an unknown value


Stack: [0x00007f4b1076a000,0x00007f4b1086b000],  sp=0x00007f4b10869898,  free space=1022k
Native frames: (J=compiled Java code, j=interpreted, Vv=VM code, C=native code)
C  [libc.so.6+0x14a7a8]  __nss_hosts_lookup+0x13528
V  [libjvm.so+0x886130]  PSPromotionManager::drain_stacks_depth(bool)+0x7c0
V  [libjvm.so+0x889d22]  ScavengeRootsTask::do_it(GCTaskManager*, unsigned int)+0x92
V  [libjvm.so+0x55732f]  GCTaskThread::run()+0x12f
V  [libjvm.so+0x8204b8]  java_start(Thread*)+0x108


---------------  P R O C E S S  ---------------

Java Threads: ( => current thread )
  0x00007f4b14094000 JavaThread "Service Thread" daemon [_thread_blocked, id=18530, stack(0x00007f4b06744000,0x00007f4b06845000)]
  0x00007f4b14091800 JavaThread "C2 CompilerThread1" daemon [_thread_blocked, id=18529, stack(0x00007f4b06845000,0x00007f4b06946000)]
  0x00007f4b1408e800 JavaThread "C2 CompilerThread0" daemon [_thread_blocked, id=18528, stack(0x00007f4b06946000,0x00007f4b06a47000)]
  0x00007f4b1408c800 JavaThread "Signal Dispatcher" daemon [_thread_blocked, id=18527, stack(0x00007f4b06a47000,0x00007f4b06b48000)]
  0x00007f4b1406b800 JavaThread "Finalizer" daemon [_thread_blocked, id=18526, stack(0x00007f4b073d3000,0x00007f4b074d4000)]
  0x00007f4b14069800 JavaThread "Reference Handler" daemon [_thread_blocked, id=18525, stack(0x00007f4b074d4000,0x00007f4b075d5000)]
  0x00007f4b1400a000 JavaThread "main" [_thread_blocked, id=18521, stack(0x00007f4b1ad70000,0x00007f4b1ae71000)]

Other Threads:
  0x00007f4b14065000 VMThread [stack: 0x00007f4b075d5000,0x00007f4b076d6000] [id=18524]
  0x00007f4b1409e800 WatcherThread [stack: 0x00007f4b06643000,0x00007f4b06744000] [id=18531]

=>0x00007f4b14021800 (exited) GCTaskThread [stack: 0x00007f4b1076a000,0x00007f4b1086b000] [id=18523]

VM state:at safepoint (normal execution)

VM Mutex/Monitor currently owned by a thread:  ([mutex/lock_event])
[0x00007f4b140063c0] Threads_lock - owner thread: 0x00007f4b14065000
[0x00007f4b140068c0] Heap_lock - owner thread: 0x00007f4b1400a000

Heap
 PSYoungGen      total 36864K, used 36832K [0x00000007d6f00000, 0x00000007db700000, 0x0000000800000000)
  eden space 31744K, 100% used [0x00000007d6f00000,0x00000007d8e00000,0x00000007d8e00000)
  from space 5120K, 99% used [0x00000007d8e00000,0x00000007d92f8020,0x00000007d9300000)
  to   space 5120K, 100% used [0x00000007db200000,0x00000007db700000,0x00000007db700000)
 ParOldGen       total 1133056K, used 1053564K [0x0000000784e00000, 0x00000007ca080000, 0x00000007d6f00000)
  object space 1133056K, 92% used [0x0000000784e00000,0x00000007c52df140,0x00000007ca080000)
 PSPermGen       total 21504K, used 14120K [0x000000077fc00000, 0x0000000781100000, 0x0000000784e00000)
  object space 21504K, 65% used [0x000000077fc00000,0x00000007809ca098,0x0000000781100000)

Card table byte_map: [0x00007f4b10bfd000,0x00007f4b11000000] byte_map_base: 0x00007f4b0cfff000

Polling page: 0x00007f4b1ae91000

Code Cache  [0x00007f4b11000000, 0x00007f4b11270000, 0x00007f4b14000000)
 total_blobs=601 nmethods=317 adapters=237 free_code_cache=48030Kb largest_free_block=49151296

Compilation events (10 events):
Event: 2.533 Thread 0x00007f4b1408e800 nmethod 310 0x00007f4b11115710 code [0x00007f4b11115860, 0x00007f4b11115978]
Event: 2.533 Thread 0x00007f4b1408e800  318             java.util.concurrent.ConcurrentHashMap::putIfAbsent (79 bytes)
Event: 2.537 Thread 0x00007f4b14091800 nmethod 317 0x00007f4b11115150 code [0x00007f4b111152c0, 0x00007f4b111154e8]
Event: 2.537 Thread 0x00007f4b14091800  319             java.util.Properties::loadConvert (505 bytes)
Event: 2.539 Thread 0x00007f4b1408e800 nmethod 318 0x00007f4b11114a90 code [0x00007f4b11114c00, 0x00007f4b11114e68]
Event: 2.539 Thread 0x00007f4b1408e800  320             org.codehaus.plexus.util.xml.pull.MXParser::nextTag (82 bytes)
Event: 2.546 Thread 0x00007f4b1408e800 nmethod 320 0x00007f4b11118ed0 code [0x00007f4b11119020, 0x00007f4b11119298]
Event: 2.546 Thread 0x00007f4b1408e800  321             java.lang.StringBuilder::append (10 bytes)
Event: 2.557 Thread 0x00007f4b1408e800 nmethod 321 0x00007f4b11118690 code [0x00007f4b11118800, 0x00007f4b11118b88]
Event: 2.557 Thread 0x00007f4b1408e800  322             org.eclipse.sisu.plexus.RealmFilteredBeans$FilteredItr::hasNext (81 bytes)

GC Heap History (7 events):
Event: 0.764 GC heap before
{Heap before GC invocations=1 (full 0):
 PSYoungGen      total 36864K, used 31744K [0x00000007d6f00000, 0x00000007d9800000, 0x0000000800000000)
  eden space 31744K, 100% used [0x00000007d6f00000,0x00000007d8e00000,0x00000007d8e00000)
  from space 5120K, 0% used [0x00000007d9300000,0x00000007d9300000,0x00000007d9800000)
  to   space 5120K, 0% used [0x00000007d8e00000,0x00000007d8e00000,0x00000007d9300000)
 ParOldGen       total 83968K, used 0K [0x0000000784e00000, 0x000000078a000000, 0x00000007d6f00000)
  object space 83968K, 0% used [0x0000000784e00000,0x0000000784e00000,0x000000078a000000)
 PSPermGen       total 21504K, used 8063K [0x000000077fc00000, 0x0000000781100000, 0x0000000784e00000)
  object space 21504K, 37% used [0x000000077fc00000,0x00000007803dfd20,0x0000000781100000)
Event: 0.769 GC heap after
Heap after GC invocations=1 (full 0):
 PSYoungGen      total 36864K, used 5045K [0x00000007d6f00000, 0x00000007d9800000, 0x0000000800000000)
  eden space 31744K, 0% used [0x00000007d6f00000,0x00000007d6f00000,0x00000007d8e00000)
  from space 5120K, 98% used [0x00000007d8e00000,0x00000007d92ed598,0x00000007d9300000)
  to   space 5120K, 0% used [0x00000007d9300000,0x00000007d9300000,0x00000007d9800000)
 ParOldGen       total 83968K, used 8K [0x0000000784e00000, 0x000000078a000000, 0x00000007d6f00000)
  object space 83968K, 0% used [0x0000000784e00000,0x0000000784e02000,0x000000078a000000)
 PSPermGen       total 21504K, used 8063K [0x000000077fc00000, 0x0000000781100000, 0x0000000784e00000)
  object space 21504K, 37% used [0x000000077fc00000,0x00000007803dfd20,0x0000000781100000)
}
Event: 1.431 GC heap before
{Heap before GC invocations=2 (full 0):
 PSYoungGen      total 36864K, used 36789K [0x00000007d6f00000, 0x00000007d9800000, 0x0000000800000000)
  eden space 31744K, 100% used [0x00000007d6f00000,0x00000007d8e00000,0x00000007d8e00000)
  from space 5120K, 98% used [0x00000007d8e00000,0x00000007d92ed598,0x00000007d9300000)
  to   space 5120K, 0% used [0x00000007d9300000,0x00000007d9300000,0x00000007d9800000)
 ParOldGen       total 83968K, used 8K [0x0000000784e00000, 0x000000078a000000, 0x00000007d6f00000)
  object space 83968K, 0% used [0x0000000784e00000,0x0000000784e02000,0x000000078a000000)
 PSPermGen       total 21504K, used 12296K [0x000000077fc00000, 0x0000000781100000, 0x0000000784e00000)
  object space 21504K, 57% used [0x000000077fc00000,0x00000007808021f8,0x0000000781100000)
Event: 1.439 GC heap after
Heap after GC invocations=2 (full 0):
 PSYoungGen      total 36864K, used 5095K [0x00000007d6f00000, 0x00000007d9800000, 0x0000000800000000)
  eden space 31744K, 0% used [0x00000007d6f00000,0x00000007d6f00000,0x00000007d8e00000)
  from space 5120K, 99% used [0x00000007d9300000,0x00000007d97f9fd8,0x00000007d9800000)
  to   space 5120K, 0% used [0x00000007d8e00000,0x00000007d8e00000,0x00000007d9300000)
 ParOldGen       total 83968K, used 1603K [0x0000000784e00000, 0x000000078a000000, 0x00000007d6f00000)
  object space 83968K, 1% used [0x0000000784e00000,0x0000000784f90f68,0x000000078a000000)
 PSPermGen       total 21504K, used 12296K [0x000000077fc00000, 0x0000000781100000, 0x0000000784e00000)
  object space 21504K, 57% used [0x000000077fc00000,0x00000007808021f8,0x0000000781100000)
}
Event: 2.104 GC heap before
{Heap before GC invocations=3 (full 0):
 PSYoungGen      total 36864K, used 36839K [0x00000007d6f00000, 0x00000007d9800000, 0x0000000800000000)
  eden space 31744K, 100% used [0x00000007d6f00000,0x00000007d8e00000,0x00000007d8e00000)
  from space 5120K, 99% used [0x00000007d9300000,0x00000007d97f9fd8,0x00000007d9800000)
  to   space 5120K, 0% used [0x00000007d8e00000,0x00000007d8e00000,0x00000007d9300000)
 ParOldGen       total 83968K, used 1603K [0x0000000784e00000, 0x000000078a000000, 0x00000007d6f00000)
  object space 83968K, 1% used [0x0000000784e00000,0x0000000784f90f68,0x000000078a000000)
 PSPermGen       total 21504K, used 14049K [0x000000077fc00000, 0x0000000781100000, 0x0000000784e00000)
  object space 21504K, 65% used [0x000000077fc00000,0x00000007809b87c8,0x0000000781100000)
Event: 2.120 GC heap after
Heap after GC invocations=3 (full 0):
 PSYoungGen      total 36864K, used 5088K [0x00000007d6f00000, 0x00000007db700000, 0x0000000800000000)
  eden space 31744K, 0% used [0x00000007d6f00000,0x00000007d6f00000,0x00000007d8e00000)
  from space 5120K, 99% used [0x00000007d8e00000,0x00000007d92f8020,0x00000007d9300000)
  to   space 5120K, 0% used [0x00000007db200000,0x00000007db200000,0x00000007db700000)
 ParOldGen       total 83968K, used 3212K [0x0000000784e00000, 0x000000078a000000, 0x00000007d6f00000)
  object space 83968K, 3% used [0x0000000784e00000,0x0000000785123110,0x000000078a000000)
 PSPermGen       total 21504K, used 14049K [0x000000077fc00000, 0x0000000781100000, 0x0000000784e00000)
  object space 21504K, 65% used [0x000000077fc00000,0x00000007809b87c8,0x0000000781100000)
}
Event: 2.560 GC heap before
{Heap before GC invocations=4 (full 0):
 PSYoungGen      total 36864K, used 36832K [0x00000007d6f00000, 0x00000007db700000, 0x0000000800000000)
  eden space 31744K, 100% used [0x00000007d6f00000,0x00000007d8e00000,0x00000007d8e00000)
  from space 5120K, 99% used [0x00000007d8e00000,0x00000007d92f8020,0x00000007d9300000)
  to   space 5120K, 0% used [0x00000007db200000,0x00000007db200000,0x00000007db700000)
 ParOldGen       total 83968K, used 3212K [0x0000000784e00000, 0x000000078a000000, 0x00000007d6f00000)
  object space 83968K, 3% used [0x0000000784e00000,0x0000000785123110,0x000000078a000000)
 PSPermGen       total 21504K, used 14120K [0x000000077fc00000, 0x0000000781100000, 0x0000000784e00000)
  object space 21504K, 65% used [0x000000077fc00000,0x00000007809ca098,0x0000000781100000)

Deoptimization events (10 events):
Event: 1.476 Thread 0x00007f4b1400a000 Uncommon trap: reason=class_check action=maybe_recompile pc=0x00007f4b110c1c70 method=java.util.Properties$LineReader.readLine()I @ 402
Event: 1.583 Thread 0x00007f4b1400a000 Uncommon trap: reason=bimorphic action=maybe_recompile pc=0x00007f4b110c1c3c method=java.util.Properties$LineReader.readLine()I @ 62
Event: 1.583 Thread 0x00007f4b1400a000 Uncommon trap: reason=class_check action=maybe_recompile pc=0x00007f4b110c1c70 method=java.util.Properties$LineReader.readLine()I @ 402
Event: 1.583 Thread 0x00007f4b1400a000 Uncommon trap: reason=bimorphic action=maybe_recompile pc=0x00007f4b110c1c3c method=java.util.Properties$LineReader.readLine()I @ 62
Event: 1.591 Thread 0x00007f4b1400a000 Uncommon trap: reason=bimorphic action=maybe_recompile pc=0x00007f4b110c1c3c method=java.util.Properties$LineReader.readLine()I @ 62
Event: 1.591 Thread 0x00007f4b1400a000 Uncommon trap: reason=bimorphic action=maybe_recompile pc=0x00007f4b110c1c3c method=java.util.Properties$LineReader.readLine()I @ 62
Event: 1.625 Thread 0x00007f4b1400a000 Uncommon trap: reason=unreached action=reinterpret pc=0x00007f4b1109579c method=java.util.HashMap.get(Ljava/lang/Object;)Ljava/lang/Object; @ 1
Event: 1.674 Thread 0x00007f4b1400a000 Uncommon trap: reason=unreached action=reinterpret pc=0x00007f4b110cfa3c method=java.lang.reflect.AccessibleObject.setAccessible0(Ljava/lang/reflect/AccessibleObject;Z)V @ 4
Event: 1.674 Thread 0x00007f4b1400a000 Uncommon trap: reason=unreached action=reinterpret pc=0x00007f4b110d36ec method=java.lang.reflect.AccessibleObject.setAccessible0(Ljava/lang/reflect/AccessibleObject;Z)V @ 4
Event: 1.698 Thread 0x00007f4b1400a000 Uncommon trap: reason=null_check action=make_not_entrant pc=0x00007f4b110d44d0 method=org.apache.maven.model.io.xpp3.MavenXpp3Reader.checkFieldWithDuplicate(Lorg/codehaus/plexus/util/xml/pull/XmlPullParser;Ljava/lang/String;Ljava/lang/String;Ljava/util/Se

Internal exceptions (10 events):
Event: 1.837 Thread 0x00007f4b1400a000 Threw 0x00000007d82ff0c8 at /HUDSON/workspace/7u-2-build-linux-amd64/jdk7u71/1605/hotspot/src/share/vm/prims/jvm.cpp:1281
Event: 1.837 Thread 0x00007f4b1400a000 Threw 0x00000007d82ff820 at /HUDSON/workspace/7u-2-build-linux-amd64/jdk7u71/1605/hotspot/src/share/vm/prims/jvm.cpp:1281
Event: 1.837 Thread 0x00007f4b1400a000 Threw 0x00000007d8303fc0 at /HUDSON/workspace/7u-2-build-linux-amd64/jdk7u71/1605/hotspot/src/share/vm/prims/jvm.cpp:1281
Event: 1.837 Thread 0x00007f4b1400a000 Threw 0x00000007d83046f0 at /HUDSON/workspace/7u-2-build-linux-amd64/jdk7u71/1605/hotspot/src/share/vm/prims/jvm.cpp:1281
Event: 1.838 Thread 0x00007f4b1400a000 Threw 0x00000007d8307f48 at /HUDSON/workspace/7u-2-build-linux-amd64/jdk7u71/1605/hotspot/src/share/vm/prims/jvm.cpp:1281
Event: 1.838 Thread 0x00007f4b1400a000 Threw 0x00000007d8308658 at /HUDSON/workspace/7u-2-build-linux-amd64/jdk7u71/1605/hotspot/src/share/vm/prims/jvm.cpp:1281
Event: 2.041 Thread 0x00007f4b1400a000 Threw 0x00000007d8adaa98 at /HUDSON/workspace/7u-2-build-linux-amd64/jdk7u71/1605/hotspot/src/share/vm/prims/jvm.cpp:1281
Event: 2.041 Thread 0x00007f4b1400a000 Threw 0x00000007d8adb1a0 at /HUDSON/workspace/7u-2-build-linux-amd64/jdk7u71/1605/hotspot/src/share/vm/prims/jvm.cpp:1281
Event: 2.042 Thread 0x00007f4b1400a000 Threw 0x00000007d8ade7c8 at /HUDSON/workspace/7u-2-build-linux-amd64/jdk7u71/1605/hotspot/src/share/vm/prims/jvm.cpp:1281
Event: 2.042 Thread 0x00007f4b1400a000 Threw 0x00000007d8adf048 at /HUDSON/workspace/7u-2-build-linux-amd64/jdk7u71/1605/hotspot/src/share/vm/prims/jvm.cpp:1281

Events (10 events):
Event: 2.042 loading class 0x00007f4b146884b0 done
Event: 2.103 Executing VM operation: ParallelGCFailedAllocation
Event: 2.120 Executing VM operation: ParallelGCFailedAllocation done
Event: 2.122 Thread 0x00007f4b14091800 flushing nmethod 0x00007f4b1106e210
Event: 2.133 Thread 0x00007f4b14091800 flushing nmethod 0x00007f4b11080a10
Event: 2.133 Thread 0x00007f4b14091800 flushing nmethod 0x00007f4b11087a50
Event: 2.141 Thread 0x00007f4b14091800 flushing nmethod 0x00007f4b11097b90
Event: 2.497 loading class 0x00007f4b0c2f87c0
Event: 2.497 loading class 0x00007f4b0c2f87c0 done
Event: 2.560 Executing VM operation: ParallelGCFailedAllocation


Dynamic libraries:
00400000-00401000 r-xp 00000000 08:07 4197626                            /usr/local/jdk1.7.0_71/bin/java
00600000-00601000 rw-p 00000000 08:07 4197626                            /usr/local/jdk1.7.0_71/bin/java
01888000-018a9000 rw-p 00000000 00:00 0                                  [heap]
77fc00000-781100000 rw-p 00000000 00:00 0 
781100000-784e00000 rw-p 00000000 00:00 0 
784e00000-7ca080000 rw-p 00000000 00:00 0 
7ca080000-7d6f00000 rw-p 00000000 00:00 0 
7d6f00000-7db700000 rw-p 00000000 00:00 0 
7db700000-800000000 rw-p 00000000 00:00 0 
7f4ae0000000-7f4ae0021000 rw-p 00000000 00:00 0 
7f4ae0021000-7f4ae4000000 ---p 00000000 00:00 0 
7f4ae4000000-7f4ae4021000 rw-p 00000000 00:00 0 
7f4ae4021000-7f4ae8000000 ---p 00000000 00:00 0 
7f4ae8000000-7f4ae878b000 rw-p 00000000 00:00 0 
7f4ae878b000-7f4aec000000 ---p 00000000 00:00 0 
7f4aec000000-7f4aec7a0000 rw-p 00000000 00:00 0 
7f4aec7a0000-7f4af0000000 ---p 00000000 00:00 0 
7f4af0000000-7f4af0021000 rw-p 00000000 00:00 0 
7f4af0021000-7f4af4000000 ---p 00000000 00:00 0 
7f4af4000000-7f4af4021000 rw-p 00000000 00:00 0 
7f4af4021000-7f4af8000000 ---p 00000000 00:00 0 
7f4af8000000-7f4af8021000 rw-p 00000000 00:00 0 
7f4af8021000-7f4afc000000 ---p 00000000 00:00 0 
7f4afc000000-7f4afc021000 rw-p 00000000 00:00 0 
7f4afc021000-7f4b00000000 ---p 00000000 00:00 0 
7f4b00000000-7f4b00273000 rw-p 00000000 00:00 0 
7f4b00273000-7f4b04000000 ---p 00000000 00:00 0 
7f4b0614a000-7f4b0614c000 rw-p 00000000 00:00 0 
7f4b0614c000-7f4b06150000 r--s 0008a000 08:07 4198459                    /usr/local/jdk1.7.0_71/jre/lib/jsse.jar
7f4b06150000-7f4b06154000 r--s 000f7000 08:07 4197780                    /usr/local/jdk1.7.0_71/jre/lib/ext/localedata.jar
7f4b06154000-7f4b06185000 rw-p 00000000 00:00 0 
7f4b06185000-7f4b0619b000 r-xp 00000000 08:07 4198276                    /usr/local/jdk1.7.0_71/jre/lib/amd64/libnet.so
7f4b0619b000-7f4b0639b000 ---p 00016000 08:07 4198276                    /usr/local/jdk1.7.0_71/jre/lib/amd64/libnet.so
7f4b0639b000-7f4b0639c000 rw-p 00016000 08:07 4198276                    /usr/local/jdk1.7.0_71/jre/lib/amd64/libnet.so
7f4b0639c000-7f4b063ac000 r-xp 00000000 08:07 4198316                    /usr/local/jdk1.7.0_71/jre/lib/amd64/libnio.so
7f4b063ac000-7f4b065ac000 ---p 00010000 08:07 4198316                    /usr/local/jdk1.7.0_71/jre/lib/amd64/libnio.so
7f4b065ac000-7f4b065ad000 rw-p 00010000 08:07 4198316                    /usr/local/jdk1.7.0_71/jre/lib/amd64/libnio.so
7f4b065ad000-7f4b065af000 r--s 00009000 08:07 5508257                    /usr/local/apache-maven-3.2.5/lib/maven-settings-3.2.5.jar
7f4b065af000-7f4b065dd000 r--s 001fa000 08:07 5508287                    /usr/local/apache-maven-3.2.5/lib/wagon-http-2.8-shaded.jar
7f4b065dd000-7f4b065e1000 r--s 00020000 08:07 5508278                    /usr/local/apache-maven-3.2.5/lib/aether-util-1.0.0.v20140518.jar
7f4b065e1000-7f4b065e3000 r--s 00006000 08:07 5508277                    /usr/local/apache-maven-3.2.5/lib/aether-spi-1.0.0.v20140518.jar
7f4b065e3000-7f4b065e5000 r--s 0000c000 08:07 5508267                    /usr/local/apache-maven-3.2.5/lib/maven-artifact-3.2.5.jar
7f4b065e5000-7f4b065ea000 r--s 00041000 08:07 5508290                    /usr/local/apache-maven-3.2.5/lib/commons-lang-2.6.jar
7f4b065ea000-7f4b065eb000 r--s 00008000 08:07 5508293                    /usr/local/apache-maven-3.2.5/lib/aether-connector-basic-1.0.0.v20140518.jar
7f4b065eb000-7f4b065ee000 r--s 00008000 08:07 5508270                    /usr/local/apache-maven-3.2.5/lib/cdi-api-1.0.jar
7f4b065ee000-7f4b065f1000 r--s 0000d000 08:07 5508262                    /usr/local/apache-maven-3.2.5/lib/plexus-interpolation-1.21.jar
7f4b065f1000-7f4b065f3000 r--s 00009000 08:07 5508286                    /usr/local/apache-maven-3.2.5/lib/commons-cli-1.2.jar
7f4b065f3000-7f4b065f5000 r--s 0000e000 08:07 5508256                    /usr/local/apache-maven-3.2.5/lib/maven-embedder-3.2.5.jar
7f4b065f5000-7f4b065fb000 r--s 0002b000 08:07 5508269                    /usr/local/apache-maven-3.2.5/lib/org.eclipse.sisu.plexus-0.3.0.M1.jar
7f4b065fb000-7f4b065fc000 r--s 00002000 08:07 5508295                    /usr/local/apache-maven-3.2.5/lib/slf4j-simple-1.7.5.jar
7f4b065fc000-7f4b065fe000 r--s 00000000 08:07 5508281                    /usr/local/apache-maven-3.2.5/lib/aopalliance-1.0.jar
7f4b065fe000-7f4b06600000 r--s 00005000 08:07 5508266                    /usr/local/apache-maven-3.2.5/lib/maven-repository-metadata-3.2.5.jar
7f4b06600000-7f4b06604000 r--s 00027000 08:07 5508291                    /usr/local/apache-maven-3.2.5/lib/commons-io-2.2.jar
7f4b06604000-7f4b0660d000 r--s 00059000 08:07 5508280                    /usr/local/apache-maven-3.2.5/lib/sisu-guice-3.2.3-no_aop.jar
7f4b0660d000-7f4b0660f000 r--s 0000a000 08:07 5508268                    /usr/local/apache-maven-3.2.5/lib/maven-plugin-api-3.2.5.jar
7f4b0660f000-7f4b06611000 r--s 00002000 08:07 5508265                    /usr/local/apache-maven-3.2.5/lib/plexus-cipher-1.7.jar
7f4b06611000-7f4b06613000 r--s 0000b000 08:07 5508284                    /usr/local/apache-maven-3.2.5/lib/wagon-provider-api-2.8.jar
7f4b06613000-7f4b06618000 r--s 00025000 08:07 5508274                    /usr/local/apache-maven-3.2.5/lib/maven-model-builder-3.2.5.jar
7f4b06618000-7f4b06643000 r--s 001fc000 08:07 5508282                    /usr/local/apache-maven-3.2.5/lib/guava-18.0.jar
7f4b06643000-7f4b06644000 ---p 00000000 00:00 0 
7f4b06644000-7f4b06744000 rw-p 00000000 00:00 0                          [stack:18531]
7f4b06744000-7f4b06747000 ---p 00000000 00:00 0 
7f4b06747000-7f4b06845000 rw-p 00000000 00:00 0                          [stack:18530]
7f4b06845000-7f4b06848000 ---p 00000000 00:00 0 
7f4b06848000-7f4b06946000 rw-p 00000000 00:00 0                          [stack:18529]
7f4b06946000-7f4b06949000 ---p 00000000 00:00 0 
7f4b06949000-7f4b06a47000 rw-p 00000000 00:00 0                          [stack:18528]
7f4b06a47000-7f4b06a4a000 ---p 00000000 00:00 0 
7f4b06a4a000-7f4b06b48000 rw-p 00000000 00:00 0                          [stack:18527]
7f4b06b48000-7f4b073d3000 r--p 00000000 08:07 5381156                    /usr/lib/locale/locale-archive
7f4b073d3000-7f4b073d6000 ---p 00000000 00:00 0 
7f4b073d6000-7f4b074d4000 rw-p 00000000 00:00 0                          [stack:18526]
7f4b074d4000-7f4b074d7000 ---p 00000000 00:00 0 
7f4b074d7000-7f4b075d5000 rw-p 00000000 00:00 0                          [stack:18525]
7f4b075d5000-7f4b075d6000 ---p 00000000 00:00 0 
7f4b075d6000-7f4b08000000 rw-p 00000000 00:00 0                          [stack:18524]
7f4b08000000-7f4b08021000 rw-p 00000000 00:00 0 
7f4b08021000-7f4b0c000000 ---p 00000000 00:00 0 
7f4b0c000000-7f4b0c003000 r--s 00025000 08:07 5508260                    /usr/local/apache-maven-3.2.5/lib/maven-model-3.2.5.jar
7f4b0c003000-7f4b0c090000 rw-p 00000000 00:00 0 
7f4b0c090000-7f4b0c24f000 r--s 039e9000 08:07 4198446                    /usr/local/jdk1.7.0_71/jre/lib/rt.jar
7f4b0c24f000-7f4b1076a000 rw-p 00000000 00:00 0 
7f4b1076a000-7f4b1076b000 ---p 00000000 00:00 0 
7f4b1076b000-7f4b1086b000 rw-p 00000000 00:00 0                          [stack:18523]
7f4b1086b000-7f4b1086c000 ---p 00000000 00:00 0 
7f4b1086c000-7f4b10b96000 rw-p 00000000 00:00 0                          [stack:18522]
7f4b10b96000-7f4b10bfd000 rw-p 00000000 00:00 0 
7f4b10bfd000-7f4b10c08000 rw-p 00000000 00:00 0 
7f4b10c08000-7f4b10c26000 rw-p 00000000 00:00 0 
7f4b10c26000-7f4b10e50000 rw-p 00000000 00:00 0 
7f4b10e50000-7f4b10eb6000 rw-p 00000000 00:00 0 
7f4b10eb6000-7f4b10edb000 rw-p 00000000 00:00 0 
7f4b10edb000-7f4b10fff000 rw-p 00000000 00:00 0 
7f4b10fff000-7f4b11000000 rw-p 00000000 00:00 0 
7f4b11000000-7f4b11270000 rwxp 00000000 00:00 0 
7f4b11270000-7f4b1485f000 rw-p 00000000 00:00 0 
7f4b1485f000-7f4b18000000 ---p 00000000 00:00 0 
7f4b18000000-7f4b18002000 r--s 00005000 08:07 5508285                    /usr/local/apache-maven-3.2.5/lib/slf4j-api-1.7.5.jar
7f4b18002000-7f4b1800e000 r--s 00089000 08:07 5508259                    /usr/local/apache-maven-3.2.5/lib/maven-core-3.2.5.jar
7f4b1800e000-7f4b18042000 rw-p 00000000 00:00 0 
7f4b18042000-7f4b18060000 rw-p 00000000 00:00 0 
7f4b18060000-7f4b1807a000 r-xp 00000000 08:07 4198330                    /usr/local/jdk1.7.0_71/jre/lib/amd64/libzip.so
7f4b1807a000-7f4b1827a000 ---p 0001a000 08:07 4198330                    /usr/local/jdk1.7.0_71/jre/lib/amd64/libzip.so
7f4b1827a000-7f4b1827b000 rw-p 0001a000 08:07 4198330                    /usr/local/jdk1.7.0_71/jre/lib/amd64/libzip.so
7f4b1827b000-7f4b18286000 r-xp 00000000 08:07 6686876                    /lib/x86_64-linux-gnu/libnss_files-2.19.so
7f4b18286000-7f4b18485000 ---p 0000b000 08:07 6686876                    /lib/x86_64-linux-gnu/libnss_files-2.19.so
7f4b18485000-7f4b18486000 r--p 0000a000 08:07 6686876                    /lib/x86_64-linux-gnu/libnss_files-2.19.so
7f4b18486000-7f4b18487000 rw-p 0000b000 08:07 6686876                    /lib/x86_64-linux-gnu/libnss_files-2.19.so
7f4b18487000-7f4b18492000 r-xp 00000000 08:07 6686964                    /lib/x86_64-linux-gnu/libnss_nis-2.19.so
7f4b18492000-7f4b18691000 ---p 0000b000 08:07 6686964                    /lib/x86_64-linux-gnu/libnss_nis-2.19.so
7f4b18691000-7f4b18692000 r--p 0000a000 08:07 6686964                    /lib/x86_64-linux-gnu/libnss_nis-2.19.so
7f4b18692000-7f4b18693000 rw-p 0000b000 08:07 6686964                    /lib/x86_64-linux-gnu/libnss_nis-2.19.so
7f4b18693000-7f4b186aa000 r-xp 00000000 08:07 6686944                    /lib/x86_64-linux-gnu/libnsl-2.19.so
7f4b186aa000-7f4b188a9000 ---p 00017000 08:07 6686944                    /lib/x86_64-linux-gnu/libnsl-2.19.so
7f4b188a9000-7f4b188aa000 r--p 00016000 08:07 6686944                    /lib/x86_64-linux-gnu/libnsl-2.19.so
7f4b188aa000-7f4b188ab000 rw-p 00017000 08:07 6686944                    /lib/x86_64-linux-gnu/libnsl-2.19.so
7f4b188ab000-7f4b188ad000 rw-p 00000000 00:00 0 
7f4b188ad000-7f4b188b6000 r-xp 00000000 08:07 6686942                    /lib/x86_64-linux-gnu/libnss_compat-2.19.so
7f4b188b6000-7f4b18ab5000 ---p 00009000 08:07 6686942                    /lib/x86_64-linux-gnu/libnss_compat-2.19.so
7f4b18ab5000-7f4b18ab6000 r--p 00008000 08:07 6686942                    /lib/x86_64-linux-gnu/libnss_compat-2.19.so
7f4b18ab6000-7f4b18ab7000 rw-p 00009000 08:07 6686942                    /lib/x86_64-linux-gnu/libnss_compat-2.19.so
7f4b18ab7000-7f4b18ae0000 r-xp 00000000 08:07 4198313                    /usr/local/jdk1.7.0_71/jre/lib/amd64/libjava.so
7f4b18ae0000-7f4b18ce0000 ---p 00029000 08:07 4198313                    /usr/local/jdk1.7.0_71/jre/lib/amd64/libjava.so
7f4b18ce0000-7f4b18ce2000 rw-p 00029000 08:07 4198313                    /usr/local/jdk1.7.0_71/jre/lib/amd64/libjava.so
7f4b18ce2000-7f4b18cef000 r-xp 00000000 08:07 4198275                    /usr/local/jdk1.7.0_71/jre/lib/amd64/libverify.so
7f4b18cef000-7f4b18eee000 ---p 0000d000 08:07 4198275                    /usr/local/jdk1.7.0_71/jre/lib/amd64/libverify.so
7f4b18eee000-7f4b18ef0000 rw-p 0000c000 08:07 4198275                    /usr/local/jdk1.7.0_71/jre/lib/amd64/libverify.so
7f4b18ef0000-7f4b18ef7000 r-xp 00000000 08:07 6686960                    /lib/x86_64-linux-gnu/librt-2.19.so
7f4b18ef7000-7f4b190f6000 ---p 00007000 08:07 6686960                    /lib/x86_64-linux-gnu/librt-2.19.so
7f4b190f6000-7f4b190f7000 r--p 00006000 08:07 6686960                    /lib/x86_64-linux-gnu/librt-2.19.so
7f4b190f7000-7f4b190f8000 rw-p 00007000 08:07 6686960                    /lib/x86_64-linux-gnu/librt-2.19.so
7f4b190f8000-7f4b191fd000 r-xp 00000000 08:07 6686874                    /lib/x86_64-linux-gnu/libm-2.19.so
7f4b191fd000-7f4b193fc000 ---p 00105000 08:07 6686874                    /lib/x86_64-linux-gnu/libm-2.19.so
7f4b193fc000-7f4b193fd000 r--p 00104000 08:07 6686874                    /lib/x86_64-linux-gnu/libm-2.19.so
7f4b193fd000-7f4b193fe000 rw-p 00105000 08:07 6686874                    /lib/x86_64-linux-gnu/libm-2.19.so
7f4b193fe000-7f4b19f70000 r-xp 00000000 08:07 4198289                    /usr/local/jdk1.7.0_71/jre/lib/amd64/server/libjvm.so
7f4b19f70000-7f4b1a16f000 ---p 00b72000 08:07 4198289                    /usr/local/jdk1.7.0_71/jre/lib/amd64/server/libjvm.so
7f4b1a16f000-7f4b1a234000 rw-p 00b71000 08:07 4198289                    /usr/local/jdk1.7.0_71/jre/lib/amd64/server/libjvm.so
7f4b1a234000-7f4b1a274000 rw-p 00000000 00:00 0 
7f4b1a274000-7f4b1a42f000 r-xp 00000000 08:07 6686954                    /lib/x86_64-linux-gnu/libc-2.19.so
7f4b1a42f000-7f4b1a62e000 ---p 001bb000 08:07 6686954                    /lib/x86_64-linux-gnu/libc-2.19.so
7f4b1a62e000-7f4b1a632000 r--p 001ba000 08:07 6686954                    /lib/x86_64-linux-gnu/libc-2.19.so
7f4b1a632000-7f4b1a634000 rw-p 001be000 08:07 6686954                    /lib/x86_64-linux-gnu/libc-2.19.so
7f4b1a634000-7f4b1a639000 rw-p 00000000 00:00 0 
7f4b1a639000-7f4b1a63c000 r-xp 00000000 08:07 6686882                    /lib/x86_64-linux-gnu/libdl-2.19.so
7f4b1a63c000-7f4b1a83b000 ---p 00003000 08:07 6686882                    /lib/x86_64-linux-gnu/libdl-2.19.so
7f4b1a83b000-7f4b1a83c000 r--p 00002000 08:07 6686882                    /lib/x86_64-linux-gnu/libdl-2.19.so
7f4b1a83c000-7f4b1a83d000 rw-p 00003000 08:07 6686882                    /lib/x86_64-linux-gnu/libdl-2.19.so
7f4b1a83d000-7f4b1a853000 r-xp 00000000 08:07 4196463                    /usr/local/jdk1.7.0_71/lib/amd64/jli/libjli.so
7f4b1a853000-7f4b1aa53000 ---p 00016000 08:07 4196463                    /usr/local/jdk1.7.0_71/lib/amd64/jli/libjli.so
7f4b1aa53000-7f4b1aa54000 rw-p 00016000 08:07 4196463                    /usr/local/jdk1.7.0_71/lib/amd64/jli/libjli.so
7f4b1aa54000-7f4b1aa6d000 r-xp 00000000 08:07 6686956                    /lib/x86_64-linux-gnu/libpthread-2.19.so
7f4b1aa6d000-7f4b1ac6c000 ---p 00019000 08:07 6686956                    /lib/x86_64-linux-gnu/libpthread-2.19.so
7f4b1ac6c000-7f4b1ac6d000 r--p 00018000 08:07 6686956                    /lib/x86_64-linux-gnu/libpthread-2.19.so
7f4b1ac6d000-7f4b1ac6e000 rw-p 00019000 08:07 6686956                    /lib/x86_64-linux-gnu/libpthread-2.19.so
7f4b1ac6e000-7f4b1ac72000 rw-p 00000000 00:00 0 
7f4b1ac72000-7f4b1ac95000 r-xp 00000000 08:07 6686948                    /lib/x86_64-linux-gnu/ld-2.19.so
7f4b1ac95000-7f4b1ac96000 r--s 00006000 08:07 5508264                    /usr/local/apache-maven-3.2.5/lib/plexus-sec-dispatcher-1.3.jar
7f4b1ac96000-7f4b1ac98000 r--s 00000000 08:07 5508263                    /usr/local/apache-maven-3.2.5/lib/plexus-component-annotations-1.5.5.jar
7f4b1ac98000-7f4b1ac9f000 r--s 0004d000 08:07 5508273                    /usr/local/apache-maven-3.2.5/lib/org.eclipse.sisu.inject-0.3.0.M1.jar
7f4b1ac9f000-7f4b1aca5000 r--s 00040000 08:07 5508283                    /usr/local/apache-maven-3.2.5/lib/maven-compat-3.2.5.jar
7f4b1aca5000-7f4b1aca7000 r--s 00005000 08:07 5508294                    /usr/local/apache-maven-3.2.5/lib/aether-transport-wagon-1.0.0.v20140518.jar
7f4b1aca7000-7f4b1acaa000 r--s 00027000 08:07 5508279                    /usr/local/apache-maven-3.2.5/lib/aether-impl-1.0.0.v20140518.jar
7f4b1acaa000-7f4b1acb0000 r--s 00042000 08:07 5508289                    /usr/local/apache-maven-3.2.5/lib/jsoup-1.7.2.jar
7f4b1acb0000-7f4b1acba000 rw-p 00000000 00:00 0 
7f4b1acba000-7f4b1ad70000 rw-p 00000000 00:00 0 
7f4b1ad70000-7f4b1ad73000 ---p 00000000 00:00 0 
7f4b1ad73000-7f4b1ae75000 rw-p 00000000 00:00 0                          [stack:18521]
7f4b1ae75000-7f4b1ae76000 r--s 00002000 08:07 5508292                    /usr/local/apache-maven-3.2.5/lib/wagon-file-2.8.jar
7f4b1ae76000-7f4b1ae7a000 r--s 00038000 08:07 5508258                    /usr/local/apache-maven-3.2.5/lib/plexus-utils-3.0.20.jar
7f4b1ae7a000-7f4b1ae7c000 r--s 00009000 08:07 5508261                    /usr/local/apache-maven-3.2.5/lib/maven-settings-builder-3.2.5.jar
7f4b1ae7c000-7f4b1ae7e000 r--s 0000f000 08:07 5508275                    /usr/local/apache-maven-3.2.5/lib/maven-aether-provider-3.2.5.jar
7f4b1ae7e000-7f4b1ae7f000 r--s 00002000 08:07 5508288                    /usr/local/apache-maven-3.2.5/lib/wagon-http-shared-2.8.jar
7f4b1ae7f000-7f4b1ae80000 r--s 00000000 08:07 5508272                    /usr/local/apache-maven-3.2.5/lib/javax.inject-1.jar
7f4b1ae80000-7f4b1ae85000 r--s 0001d000 08:07 5508276                    /usr/local/apache-maven-3.2.5/lib/aether-api-1.0.0.v20140518.jar
7f4b1ae85000-7f4b1ae86000 r--s 00001000 08:07 5508271                    /usr/local/apache-maven-3.2.5/lib/jsr250-api-1.0.jar
7f4b1ae86000-7f4b1ae88000 r--s 0000b000 08:07 5508255                    /usr/local/apache-maven-3.2.5/boot/plexus-classworlds-2.5.2.jar
7f4b1ae88000-7f4b1ae90000 rw-s 00000000 08:07 3276945                    /tmp/hsperfdata_songlinyang/18519
7f4b1ae90000-7f4b1ae91000 rw-p 00000000 00:00 0 
7f4b1ae91000-7f4b1ae92000 ---p 00000000 00:00 0 
7f4b1ae92000-7f4b1ae94000 rw-p 00000000 00:00 0 
7f4b1ae94000-7f4b1ae95000 r--p 00022000 08:07 6686948                    /lib/x86_64-linux-gnu/ld-2.19.so
7f4b1ae95000-7f4b1ae96000 rw-p 00023000 08:07 6686948                    /lib/x86_64-linux-gnu/ld-2.19.so
7f4b1ae96000-7f4b1ae97000 rw-p 00000000 00:00 0 
7fff139c3000-7fff139e5000 rw-p 00000000 00:00 0                          [stack]
7fff139f9000-7fff139fb000 r-xp 00000000 00:00 0                          [vdso]
ffffffffff600000-ffffffffff601000 r-xp 00000000 00:00 0                  [vsyscall]

VM Arguments:
jvm_args: -Dclassworlds.conf=/usr/local/apache-maven-3.2.5/bin/m2.conf -Dmaven.home=/usr/local/apache-maven-3.2.5 
java_command: org.codehaus.plexus.classworlds.launcher.Launcher clean install
Launcher Type: SUN_STANDARD

Environment Variables:
JAVA_HOME=/usr/local/jdk1.7.0_71
JRE_HOME=/usr/local/jdk1.7.0_71/jre
CLASSPATH=/usr/local/idea-IU-139.659.2/bin/../lib/bootstrap.jar:/usr/local/idea-IU-139.659.2/bin/../lib/extensions.jar:/usr/local/idea-IU-139.659.2/bin/../lib/util.jar:/usr/local/idea-IU-139.659.2/bin/../lib/jdom.jar:/usr/local/idea-IU-139.659.2/bin/../lib/log4j.jar:/usr/local/idea-IU-139.659.2/bin/../lib/trove4j.jar:/usr/local/idea-IU-139.659.2/bin/../lib/jna.jar:/usr/local/jdk1.7.0_71/lib/tools.jar:.:/usr/local/jdk1.7.0_71/lib:/usr/local/jdk1.7.0_71/jre/lib
PATH=/usr/local/findbugs-2.0.3/bin:/usr/local/apache-ant-1.9.4/bin:/usr/local/apache-maven-3.2.5/bin:/usr/local/zookeeper-3.4.6/bin:/usr/local/jdk1.7.0_71/bin:/usr/local/jdk1.7.0_71/jre/bin:/usr/local/findbugs-2.0.3/bin:/usr/local/apache-ant-1.9.4/bin:/usr/local/apache-maven-3.2.5/bin:/usr/local/zookeeper-3.4.6/bin:/usr/local/jdk1.7.0_71/bin:/usr/local/jdk1.7.0_71/jre/bin:/usr/local/sbin:/usr/local/bin:/usr/sbin:/usr/bin:/sbin:/bin:/usr/games:/usr/local/games
LD_LIBRARY_PATH=/usr/local/idea-IU-139.659.2/bin:
SHELL=/bin/bash
DISPLAY=:1

Signal Handlers:
SIGSEGV: [libjvm.so+0x9a1330], sa_mask[0]=0x7ffbfeff, sa_flags=0x10000004
SIGBUS: [libjvm.so+0x9a1330], sa_mask[0]=0x7ffbfeff, sa_flags=0x10000004
SIGFPE: [libjvm.so+0x81b390], sa_mask[0]=0x7ffbfeff, sa_flags=0x10000004
SIGPIPE: [libjvm.so+0x81b390], sa_mask[0]=0x7ffbfeff, sa_flags=0x10000004
SIGXFSZ: [libjvm.so+0x81b390], sa_mask[0]=0x7ffbfeff, sa_flags=0x10000004
SIGILL: [libjvm.so+0x81b390], sa_mask[0]=0x7ffbfeff, sa_flags=0x10000004
SIGUSR1: SIG_DFL, sa_mask[0]=0x00000000, sa_flags=0x00000000
SIGUSR2: [libjvm.so+0x81cb90], sa_mask[0]=0x00000004, sa_flags=0x10000004
SIGHUP: [libjvm.so+0x81dc90], sa_mask[0]=0x7ffbfeff, sa_flags=0x10000004
SIGINT: [libjvm.so+0x81dc90], sa_mask[0]=0x7ffbfeff, sa_flags=0x10000004
SIGTERM: [libjvm.so+0x81dc90], sa_mask[0]=0x7ffbfeff, sa_flags=0x10000004
SIGQUIT: [libjvm.so+0x81dc90], sa_mask[0]=0x7ffbfeff, sa_flags=0x10000004


---------------  S Y S T E M  ---------------

OS:jessie/sid

uname:Linux 3.13.0-48-generic #80-Ubuntu SMP Thu Mar 12 11:16:15 UTC 2015 x86_64
libc:glibc 2.19 NPTL 2.19 
rlimit: STACK 8192k, CORE 0k, NPROC 61333, NOFILE 4096, AS infinity
load average:0.25 0.27 0.25

/proc/meminfo:
MemTotal:        8068520 kB
MemFree:          134420 kB
Buffers:          206020 kB
Cached:          2403368 kB
SwapCached:            0 kB
Active:          5646664 kB
Inactive:        1860500 kB
Active(anon):    4861176 kB
Inactive(anon):   932048 kB
Active(file):     785488 kB
Inactive(file):   928452 kB
Unevictable:          64 kB
Mlocked:              64 kB
SwapTotal:       4567036 kB
SwapFree:        4567036 kB
Dirty:                 0 kB
Writeback:             0 kB
AnonPages:       4898124 kB
Mapped:           526136 kB
Shmem:            895180 kB
Slab:             266172 kB
SReclaimable:     216028 kB
SUnreclaim:        50144 kB
KernelStack:        9864 kB
PageTables:        69444 kB
NFS_Unstable:          0 kB
Bounce:                0 kB
WritebackTmp:          0 kB
CommitLimit:     8601296 kB
Committed_AS:   12766164 kB
VmallocTotal:   34359738367 kB
VmallocUsed:      360540 kB
VmallocChunk:   34359362372 kB
HardwareCorrupted:     0 kB
AnonHugePages:   3393536 kB
HugePages_Total:       0
HugePages_Free:        0
HugePages_Rsvd:        0
HugePages_Surp:        0
Hugepagesize:       2048 kB
DirectMap4k:       59428 kB
DirectMap2M:     8220672 kB


CPU:total 2 (2 cores per cpu, 1 threads per core) family 6 model 58 stepping 9, cmov, cx8, fxsr, mmx, sse, sse2, sse3, ssse3, sse4.1, sse4.2, popcnt, erms, tsc, tscinvbit, tscinv

/proc/cpuinfo:
processor	: 0
vendor_id	: GenuineIntel
cpu family	: 6
model		: 58
model name	: Intel(R) Pentium(R) CPU G2010 @ 2.80GHz
stepping	: 9
microcode	: 0x15
cpu MHz		: 2800.000
cache size	: 3072 KB
physical id	: 0
siblings	: 2
core id		: 0
cpu cores	: 2
apicid		: 0
initial apicid	: 0
fpu		: yes
fpu_exception	: yes
cpuid level	: 13
wp		: yes
flags		: fpu vme de pse tsc msr pae mce cx8 apic sep mtrr pge mca cmov pat pse36 clflush dts acpi mmx fxsr sse sse2 ss ht tm pbe syscall nx rdtscp lm constant_tsc arch_perfmon pebs bts rep_good nopl xtopology nonstop_tsc aperfmperf eagerfpu pni pclmulqdq dtes64 monitor ds_cpl vmx est tm2 ssse3 cx16 xtpr pdcm pcid sse4_1 sse4_2 popcnt tsc_deadline_timer xsave lahf_lm arat epb xsaveopt pln pts dtherm tpr_shadow vnmi flexpriority ept vpid fsgsbase smep erms
bogomips	: 5587.55
clflush size	: 64
cache_alignment	: 64
address sizes	: 36 bits physical, 48 bits virtual
power management:

processor	: 1
vendor_id	: GenuineIntel
cpu family	: 6
model		: 58
model name	: Intel(R) Pentium(R) CPU G2010 @ 2.80GHz
stepping	: 9
microcode	: 0x15
cpu MHz		: 2800.000
cache size	: 3072 KB
physical id	: 0
siblings	: 2
core id		: 1
cpu cores	: 2
apicid		: 2
initial apicid	: 2
fpu		: yes
fpu_exception	: yes
cpuid level	: 13
wp		: yes
flags		: fpu vme de pse tsc msr pae mce cx8 apic sep mtrr pge mca cmov pat pse36 clflush dts acpi mmx fxsr sse sse2 ss ht tm pbe syscall nx rdtscp lm constant_tsc arch_perfmon pebs bts rep_good nopl xtopology nonstop_tsc aperfmperf eagerfpu pni pclmulqdq dtes64 monitor ds_cpl vmx est tm2 ssse3 cx16 xtpr pdcm pcid sse4_1 sse4_2 popcnt tsc_deadline_timer xsave lahf_lm arat epb xsaveopt pln pts dtherm tpr_shadow vnmi flexpriority ept vpid fsgsbase smep erms
bogomips	: 5587.55
clflush size	: 64
cache_alignment	: 64
address sizes	: 36 bits physical, 48 bits virtual
power management:



Memory: 4k page, physical 8068520k(134420k free), swap 4567036k(4567036k free)

vm_info: Java HotSpot(TM) 64-Bit Server VM (24.71-b01) for linux-amd64 JRE (1.7.0_71-b14), built on Sep 26 2014 16:41:40 by "java_re" with gcc 4.3.0 20080428 (Red Hat 4.3.0-8)

time: Wed Apr  1 15:24:29 2015
elapsed time: 2 seconds

